<?xml version="1.0" encoding="UTF-8"?>
<testsuite xmlns:xsi="http://www.w3.org/2001/XMLSchema-instance" xsi:noNamespaceSchemaLocation="https://maven.apache.org/surefire/maven-surefire-plugin/xsd/surefire-test-report.xsd" name="com.cn.cloud.service.admin.test.service.AdminServiceTest" time="40.7" tests="2" errors="0" skipped="0" failures="0">
  <properties>
    <property name="sun.desktop" value="windows"/>
    <property name="awt.toolkit" value="sun.awt.windows.WToolkit"/>
    <property name="file.encoding.pkg" value="sun.io"/>
    <property name="java.specification.version" value="1.8"/>
    <property name="sun.cpu.isalist" value="amd64"/>
    <property name="sun.jnu.encoding" value="GBK"/>
    <property name="java.class.path" value="D:\IDeaWork\spring_cloud_hello\spring_cloud_service_admin\target\test-classes;D:\IDeaWork\spring_cloud_hello\spring_cloud_service_admin\target\classes;D:\Maven\mavenlocal\com\cn\spring_cloud_common_service\1.0.0-SNAPSHOT\spring_cloud_common_service-1.0.0-SNAPSHOT.jar;D:\Maven\mavenlocal\com\cn\spring_cloud_common\1.0.0-SNAPSHOT\spring_cloud_common-1.0.0-SNAPSHOT.jar;D:\Maven\mavenlocal\org\springframework\spring-context\5.1.7.RELEASE\spring-context-5.1.7.RELEASE.jar;D:\Maven\mavenlocal\org\springframework\spring-aop\5.1.7.RELEASE\spring-aop-5.1.7.RELEASE.jar;D:\Maven\mavenlocal\org\springframework\spring-beans\5.1.7.RELEASE\spring-beans-5.1.7.RELEASE.jar;D:\Maven\mavenlocal\org\springframework\spring-expression\5.1.7.RELEASE\spring-expression-5.1.7.RELEASE.jar;D:\Maven\mavenlocal\com\google\guava\guava\25.1-jre\guava-25.1-jre.jar;D:\Maven\mavenlocal\com\google\code\findbugs\jsr305\3.0.2\jsr305-3.0.2.jar;D:\Maven\mavenlocal\org\checkerframework\checker-qual\2.0.0\checker-qual-2.0.0.jar;D:\Maven\mavenlocal\com\google\errorprone\error_prone_annotations\2.1.3\error_prone_annotations-2.1.3.jar;D:\Maven\mavenlocal\com\google\j2objc\j2objc-annotations\1.1\j2objc-annotations-1.1.jar;D:\Maven\mavenlocal\org\codehaus\mojo\animal-sniffer-annotations\1.14\animal-sniffer-annotations-1.14.jar;D:\Maven\mavenlocal\com\fasterxml\jackson\core\jackson-databind\2.9.6\jackson-databind-2.9.6.jar;D:\Maven\mavenlocal\com\fasterxml\jackson\core\jackson-annotations\2.9.0\jackson-annotations-2.9.0.jar;D:\Maven\mavenlocal\com\fasterxml\jackson\core\jackson-core\2.9.6\jackson-core-2.9.6.jar;D:\Maven\mavenlocal\org\apache\commons\commons-pool2\2.6.2\commons-pool2-2.6.2.jar;D:\Maven\mavenlocal\org\apache\commons\commons-lang3\3.8.1\commons-lang3-3.8.1.jar;D:\Maven\mavenlocal\org\apache\httpcomponents\httpclient\4.5.8\httpclient-4.5.8.jar;D:\Maven\mavenlocal\org\apache\httpcomponents\httpcore\4.4.11\httpcore-4.4.11.jar;D:\Maven\mavenlocal\commons-codec\commons-codec\1.11\commons-codec-1.11.jar;D:\Maven\mavenlocal\org\apache\httpcomponents\httpmime\4.5.8\httpmime-4.5.8.jar;D:\Maven\mavenlocal\org\apache\httpcomponents\httpasyncclient\4.1.4\httpasyncclient-4.1.4.jar;D:\Maven\mavenlocal\org\apache\httpcomponents\httpcore-nio\4.4.11\httpcore-nio-4.4.11.jar;D:\Maven\mavenlocal\org\slf4j\jcl-over-slf4j\1.7.26\jcl-over-slf4j-1.7.26.jar;D:\Maven\mavenlocal\org\projectlombok\lombok\1.16.18\lombok-1.16.18.jar;D:\Maven\mavenlocal\com\alibaba\druid-spring-boot-starter\1.1.10\druid-spring-boot-starter-1.1.10.jar;D:\Maven\mavenlocal\com\alibaba\druid\1.1.10\druid-1.1.10.jar;D:\Maven\mavenlocal\org\slf4j\slf4j-api\1.7.26\slf4j-api-1.7.26.jar;D:\Maven\mavenlocal\org\springframework\boot\spring-boot-autoconfigure\2.1.5.RELEASE\spring-boot-autoconfigure-2.1.5.RELEASE.jar;D:\Maven\mavenlocal\tk\mybatis\mapper-spring-boot-starter\2.1.5\mapper-spring-boot-starter-2.1.5.jar;D:\Maven\mavenlocal\org\springframework\boot\spring-boot-starter-jdbc\2.1.5.RELEASE\spring-boot-starter-jdbc-2.1.5.RELEASE.jar;D:\Maven\mavenlocal\com\zaxxer\HikariCP\3.2.0\HikariCP-3.2.0.jar;D:\Maven\mavenlocal\org\springframework\spring-jdbc\5.1.7.RELEASE\spring-jdbc-5.1.7.RELEASE.jar;D:\Maven\mavenlocal\org\springframework\spring-tx\5.1.7.RELEASE\spring-tx-5.1.7.RELEASE.jar;D:\Maven\mavenlocal\org\mybatis\mybatis\3.4.6\mybatis-3.4.6.jar;D:\Maven\mavenlocal\org\mybatis\mybatis-spring\1.3.2\mybatis-spring-1.3.2.jar;D:\Maven\mavenlocal\tk\mybatis\mapper-core\1.1.5\mapper-core-1.1.5.jar;D:\Maven\mavenlocal\javax\persistence\persistence-api\1.0\persistence-api-1.0.jar;D:\Maven\mavenlocal\tk\mybatis\mapper-base\1.1.5\mapper-base-1.1.5.jar;D:\Maven\mavenlocal\tk\mybatis\mapper-weekend\1.1.5\mapper-weekend-1.1.5.jar;D:\Maven\mavenlocal\tk\mybatis\mapper-spring\1.1.5\mapper-spring-1.1.5.jar;D:\Maven\mavenlocal\tk\mybatis\mapper-extra\1.1.5\mapper-extra-1.1.5.jar;D:\Maven\mavenlocal\tk\mybatis\mapper-spring-boot-autoconfigure\2.1.5\mapper-spring-boot-autoconfigure-2.1.5.jar;D:\Maven\mavenlocal\com\github\pagehelper\pagehelper-spring-boot-starter\1.2.5\pagehelper-spring-boot-starter-1.2.5.jar;D:\Maven\mavenlocal\org\mybatis\spring\boot\mybatis-spring-boot-starter\1.3.2\mybatis-spring-boot-starter-1.3.2.jar;D:\Maven\mavenlocal\org\mybatis\spring\boot\mybatis-spring-boot-autoconfigure\1.3.2\mybatis-spring-boot-autoconfigure-1.3.2.jar;D:\Maven\mavenlocal\com\github\pagehelper\pagehelper-spring-boot-autoconfigure\1.2.5\pagehelper-spring-boot-autoconfigure-1.2.5.jar;D:\Maven\mavenlocal\com\github\pagehelper\pagehelper\5.1.4\pagehelper-5.1.4.jar;D:\Maven\mavenlocal\com\github\jsqlparser\jsqlparser\1.0\jsqlparser-1.0.jar;D:\Maven\mavenlocal\org\springframework\cloud\spring-cloud-starter-zipkin\2.1.1.RELEASE\spring-cloud-starter-zipkin-2.1.1.RELEASE.jar;D:\Maven\mavenlocal\org\springframework\cloud\spring-cloud-starter-sleuth\2.1.1.RELEASE\spring-cloud-starter-sleuth-2.1.1.RELEASE.jar;D:\Maven\mavenlocal\org\springframework\boot\spring-boot-starter-aop\2.1.5.RELEASE\spring-boot-starter-aop-2.1.5.RELEASE.jar;D:\Maven\mavenlocal\org\aspectj\aspectjweaver\1.9.4\aspectjweaver-1.9.4.jar;D:\Maven\mavenlocal\org\springframework\cloud\spring-cloud-sleuth-core\2.1.1.RELEASE\spring-cloud-sleuth-core-2.1.1.RELEASE.jar;D:\Maven\mavenlocal\org\aspectj\aspectjrt\1.9.4\aspectjrt-1.9.4.jar;D:\Maven\mavenlocal\io\zipkin\brave\brave\5.6.1\brave-5.6.1.jar;D:\Maven\mavenlocal\io\zipkin\brave\brave-context-log4j2\5.6.1\brave-context-log4j2-5.6.1.jar;D:\Maven\mavenlocal\io\zipkin\brave\brave-instrumentation-spring-web\5.6.1\brave-instrumentation-spring-web-5.6.1.jar;D:\Maven\mavenlocal\io\zipkin\brave\brave-instrumentation-http\5.6.1\brave-instrumentation-http-5.6.1.jar;D:\Maven\mavenlocal\io\zipkin\brave\brave-instrumentation-spring-rabbit\5.6.1\brave-instrumentation-spring-rabbit-5.6.1.jar;D:\Maven\mavenlocal\io\zipkin\brave\brave-instrumentation-kafka-clients\5.6.1\brave-instrumentation-kafka-clients-5.6.1.jar;D:\Maven\mavenlocal\io\zipkin\brave\brave-instrumentation-httpclient\5.6.1\brave-instrumentation-httpclient-5.6.1.jar;D:\Maven\mavenlocal\io\zipkin\brave\brave-instrumentation-httpasyncclient\5.6.1\brave-instrumentation-httpasyncclient-5.6.1.jar;D:\Maven\mavenlocal\io\zipkin\brave\brave-instrumentation-spring-webmvc\5.6.1\brave-instrumentation-spring-webmvc-5.6.1.jar;D:\Maven\mavenlocal\io\zipkin\brave\brave-instrumentation-servlet\5.6.1\brave-instrumentation-servlet-5.6.1.jar;D:\Maven\mavenlocal\io\zipkin\brave\brave-instrumentation-jms\5.6.1\brave-instrumentation-jms-5.6.1.jar;D:\Maven\mavenlocal\org\springframework\cloud\spring-cloud-sleuth-zipkin\2.1.1.RELEASE\spring-cloud-sleuth-zipkin-2.1.1.RELEASE.jar;D:\Maven\mavenlocal\org\springframework\spring-web\5.1.7.RELEASE\spring-web-5.1.7.RELEASE.jar;D:\Maven\mavenlocal\org\springframework\cloud\spring-cloud-commons\2.1.1.RELEASE\spring-cloud-commons-2.1.1.RELEASE.jar;D:\Maven\mavenlocal\org\springframework\security\spring-security-crypto\5.1.5.RELEASE\spring-security-crypto-5.1.5.RELEASE.jar;D:\Maven\mavenlocal\io\zipkin\zipkin2\zipkin\2.12.0\zipkin-2.12.0.jar;D:\Maven\mavenlocal\io\zipkin\reporter2\zipkin-reporter\2.7.14\zipkin-reporter-2.7.14.jar;D:\Maven\mavenlocal\io\zipkin\reporter2\zipkin-sender-kafka11\2.7.14\zipkin-sender-kafka11-2.7.14.jar;D:\Maven\mavenlocal\io\zipkin\reporter2\zipkin-sender-amqp-client\2.7.14\zipkin-sender-amqp-client-2.7.14.jar;D:\Maven\mavenlocal\org\springframework\cloud\spring-cloud-starter-config\2.1.1.RELEASE\spring-cloud-starter-config-2.1.1.RELEASE.jar;D:\Maven\mavenlocal\org\springframework\cloud\spring-cloud-starter\2.1.1.RELEASE\spring-cloud-starter-2.1.1.RELEASE.jar;D:\Maven\mavenlocal\org\springframework\cloud\spring-cloud-context\2.1.1.RELEASE\spring-cloud-context-2.1.1.RELEASE.jar;D:\Maven\mavenlocal\org\springframework\security\spring-security-rsa\1.0.7.RELEASE\spring-security-rsa-1.0.7.RELEASE.jar;D:\Maven\mavenlocal\org\bouncycastle\bcpkix-jdk15on\1.60\bcpkix-jdk15on-1.60.jar;D:\Maven\mavenlocal\org\bouncycastle\bcprov-jdk15on\1.60\bcprov-jdk15on-1.60.jar;D:\Maven\mavenlocal\org\springframework\cloud\spring-cloud-config-client\2.1.1.RELEASE\spring-cloud-config-client-2.1.1.RELEASE.jar;D:\Maven\mavenlocal\org\springframework\cloud\spring-cloud-starter-netflix-eureka-server\2.1.1.RELEASE\spring-cloud-starter-netflix-eureka-server-2.1.1.RELEASE.jar;D:\Maven\mavenlocal\org\springframework\cloud\spring-cloud-netflix-eureka-server\2.1.1.RELEASE\spring-cloud-netflix-eureka-server-2.1.1.RELEASE.jar;D:\Maven\mavenlocal\org\springframework\boot\spring-boot-starter-web\2.1.5.RELEASE\spring-boot-starter-web-2.1.5.RELEASE.jar;D:\Maven\mavenlocal\org\springframework\boot\spring-boot-starter-json\2.1.5.RELEASE\spring-boot-starter-json-2.1.5.RELEASE.jar;D:\Maven\mavenlocal\com\fasterxml\jackson\datatype\jackson-datatype-jdk8\2.9.6\jackson-datatype-jdk8-2.9.6.jar;D:\Maven\mavenlocal\com\fasterxml\jackson\datatype\jackson-datatype-jsr310\2.9.6\jackson-datatype-jsr310-2.9.6.jar;D:\Maven\mavenlocal\com\fasterxml\jackson\module\jackson-module-parameter-names\2.9.6\jackson-module-parameter-names-2.9.6.jar;D:\Maven\mavenlocal\org\springframework\boot\spring-boot-starter-tomcat\2.1.5.RELEASE\spring-boot-starter-tomcat-2.1.5.RELEASE.jar;D:\Maven\mavenlocal\org\apache\tomcat\embed\tomcat-embed-core\9.0.19\tomcat-embed-core-9.0.19.jar;D:\Maven\mavenlocal\org\apache\tomcat\embed\tomcat-embed-el\9.0.19\tomcat-embed-el-9.0.19.jar;D:\Maven\mavenlocal\org\apache\tomcat\embed\tomcat-embed-websocket\9.0.19\tomcat-embed-websocket-9.0.19.jar;D:\Maven\mavenlocal\org\hibernate\validator\hibernate-validator\6.0.16.Final\hibernate-validator-6.0.16.Final.jar;D:\Maven\mavenlocal\javax\validation\validation-api\2.0.1.Final\validation-api-2.0.1.Final.jar;D:\Maven\mavenlocal\org\jboss\logging\jboss-logging\3.3.2.Final\jboss-logging-3.3.2.Final.jar;D:\Maven\mavenlocal\com\fasterxml\classmate\1.4.0\classmate-1.4.0.jar;D:\Maven\mavenlocal\org\springframework\spring-webmvc\5.1.7.RELEASE\spring-webmvc-5.1.7.RELEASE.jar;D:\Maven\mavenlocal\org\springframework\boot\spring-boot-starter-actuator\2.1.5.RELEASE\spring-boot-starter-actuator-2.1.5.RELEASE.jar;D:\Maven\mavenlocal\org\springframework\boot\spring-boot-actuator-autoconfigure\2.1.5.RELEASE\spring-boot-actuator-autoconfigure-2.1.5.RELEASE.jar;D:\Maven\mavenlocal\org\springframework\boot\spring-boot-actuator\2.1.5.RELEASE\spring-boot-actuator-2.1.5.RELEASE.jar;D:\Maven\mavenlocal\io\micrometer\micrometer-core\1.1.4\micrometer-core-1.1.4.jar;D:\Maven\mavenlocal\org\hdrhistogram\HdrHistogram\2.1.9\HdrHistogram-2.1.9.jar;D:\Maven\mavenlocal\org\latencyutils\LatencyUtils\2.0.3\LatencyUtils-2.0.3.jar;D:\Maven\mavenlocal\org\springframework\boot\spring-boot-starter-freemarker\2.1.5.RELEASE\spring-boot-starter-freemarker-2.1.5.RELEASE.jar;D:\Maven\mavenlocal\org\freemarker\freemarker\2.3.28\freemarker-2.3.28.jar;D:\Maven\mavenlocal\org\springframework\spring-context-support\5.1.7.RELEASE\spring-context-support-5.1.7.RELEASE.jar;D:\Maven\mavenlocal\org\springframework\cloud\spring-cloud-netflix-hystrix\2.1.1.RELEASE\spring-cloud-netflix-hystrix-2.1.1.RELEASE.jar;D:\Maven\mavenlocal\org\springframework\cloud\spring-cloud-netflix-eureka-client\2.1.1.RELEASE\spring-cloud-netflix-eureka-client-2.1.1.RELEASE.jar;D:\Maven\mavenlocal\com\netflix\eureka\eureka-client\1.9.8\eureka-client-1.9.8.jar;D:\Maven\mavenlocal\org\codehaus\jettison\jettison\1.3.7\jettison-1.3.7.jar;D:\Maven\mavenlocal\stax\stax-api\1.0.1\stax-api-1.0.1.jar;D:\Maven\mavenlocal\com\netflix\netflix-commons\netflix-eventbus\0.3.0\netflix-eventbus-0.3.0.jar;D:\Maven\mavenlocal\com\netflix\netflix-commons\netflix-infix\0.3.0\netflix-infix-0.3.0.jar;D:\Maven\mavenlocal\commons-jxpath\commons-jxpath\1.3\commons-jxpath-1.3.jar;D:\Maven\mavenlocal\joda-time\joda-time\2.10.2\joda-time-2.10.2.jar;D:\Maven\mavenlocal\org\antlr\antlr-runtime\3.4\antlr-runtime-3.4.jar;D:\Maven\mavenlocal\org\antlr\stringtemplate\3.2.1\stringtemplate-3.2.1.jar;D:\Maven\mavenlocal\antlr\antlr\2.7.7\antlr-2.7.7.jar;D:\Maven\mavenlocal\com\google\code\gson\gson\2.8.5\gson-2.8.5.jar;D:\Maven\mavenlocal\org\apache\commons\commons-math\2.2\commons-math-2.2.jar;D:\Maven\mavenlocal\javax\ws\rs\jsr311-api\1.1.1\jsr311-api-1.1.1.jar;D:\Maven\mavenlocal\com\netflix\servo\servo-core\0.12.21\servo-core-0.12.21.jar;D:\Maven\mavenlocal\com\sun\jersey\jersey-core\1.19.1\jersey-core-1.19.1.jar;D:\Maven\mavenlocal\com\sun\jersey\jersey-client\1.19.1\jersey-client-1.19.1.jar;D:\Maven\mavenlocal\com\sun\jersey\contribs\jersey-apache-client4\1.19.1\jersey-apache-client4-1.19.1.jar;D:\Maven\mavenlocal\com\google\inject\guice\4.1.0\guice-4.1.0.jar;D:\Maven\mavenlocal\aopalliance\aopalliance\1.0\aopalliance-1.0.jar;D:\Maven\mavenlocal\com\github\vlsi\compactmap\compactmap\1.2.1\compactmap-1.2.1.jar;D:\Maven\mavenlocal\com\github\andrewoma\dexx\dexx-collections\0.2\dexx-collections-0.2.jar;D:\Maven\mavenlocal\com\sun\jersey\jersey-servlet\1.19.1\jersey-servlet-1.19.1.jar;D:\Maven\mavenlocal\com\sun\jersey\jersey-server\1.19.1\jersey-server-1.19.1.jar;D:\Maven\mavenlocal\com\netflix\eureka\eureka-core\1.9.8\eureka-core-1.9.8.jar;D:\Maven\mavenlocal\org\codehaus\woodstox\woodstox-core-asl\4.4.1\woodstox-core-asl-4.4.1.jar;D:\Maven\mavenlocal\javax\xml\stream\stax-api\1.0-2\stax-api-1.0-2.jar;D:\Maven\mavenlocal\com\netflix\archaius\archaius-core\0.7.6\archaius-core-0.7.6.jar;D:\Maven\mavenlocal\javax\inject\javax.inject\1\javax.inject-1.jar;D:\Maven\mavenlocal\com\fasterxml\jackson\dataformat\jackson-dataformat-xml\2.9.6\jackson-dataformat-xml-2.9.6.jar;D:\Maven\mavenlocal\com\fasterxml\jackson\module\jackson-module-jaxb-annotations\2.9.6\jackson-module-jaxb-annotations-2.9.6.jar;D:\Maven\mavenlocal\org\codehaus\woodstox\stax2-api\3.1.4\stax2-api-3.1.4.jar;D:\Maven\mavenlocal\com\fasterxml\woodstox\woodstox-core\5.0.3\woodstox-core-5.0.3.jar;D:\Maven\mavenlocal\com\thoughtworks\xstream\xstream\1.4.10\xstream-1.4.10.jar;D:\Maven\mavenlocal\xmlpull\xmlpull\1.1.3.1\xmlpull-1.1.3.1.jar;D:\Maven\mavenlocal\xpp3\xpp3_min\1.1.4c\xpp3_min-1.1.4c.jar;D:\Maven\mavenlocal\org\springframework\cloud\spring-cloud-starter-netflix-archaius\2.1.1.RELEASE\spring-cloud-starter-netflix-archaius-2.1.1.RELEASE.jar;D:\Maven\mavenlocal\org\springframework\cloud\spring-cloud-netflix-ribbon\2.1.1.RELEASE\spring-cloud-netflix-ribbon-2.1.1.RELEASE.jar;D:\Maven\mavenlocal\org\springframework\cloud\spring-cloud-netflix-archaius\2.1.1.RELEASE\spring-cloud-netflix-archaius-2.1.1.RELEASE.jar;D:\Maven\mavenlocal\commons-configuration\commons-configuration\1.8\commons-configuration-1.8.jar;D:\Maven\mavenlocal\commons-lang\commons-lang\2.6\commons-lang-2.6.jar;D:\Maven\mavenlocal\org\springframework\cloud\spring-cloud-starter-netflix-ribbon\2.1.1.RELEASE\spring-cloud-starter-netflix-ribbon-2.1.1.RELEASE.jar;D:\Maven\mavenlocal\com\netflix\ribbon\ribbon\2.3.0\ribbon-2.3.0.jar;D:\Maven\mavenlocal\com\netflix\ribbon\ribbon-transport\2.3.0\ribbon-transport-2.3.0.jar;D:\Maven\mavenlocal\io\reactivex\rxnetty-contexts\0.4.9\rxnetty-contexts-0.4.9.jar;D:\Maven\mavenlocal\io\reactivex\rxnetty-servo\0.4.9\rxnetty-servo-0.4.9.jar;D:\Maven\mavenlocal\com\netflix\hystrix\hystrix-core\1.5.18\hystrix-core-1.5.18.jar;D:\Maven\mavenlocal\io\reactivex\rxnetty\0.4.9\rxnetty-0.4.9.jar;D:\Maven\mavenlocal\com\netflix\ribbon\ribbon-core\2.3.0\ribbon-core-2.3.0.jar;D:\Maven\mavenlocal\com\netflix\ribbon\ribbon-httpclient\2.3.0\ribbon-httpclient-2.3.0.jar;D:\Maven\mavenlocal\commons-collections\commons-collections\3.2.2\commons-collections-3.2.2.jar;D:\Maven\mavenlocal\com\netflix\netflix-commons\netflix-commons-util\0.3.0\netflix-commons-util-0.3.0.jar;D:\Maven\mavenlocal\com\netflix\ribbon\ribbon-loadbalancer\2.3.0\ribbon-loadbalancer-2.3.0.jar;D:\Maven\mavenlocal\com\netflix\netflix-commons\netflix-statistics\0.1.1\netflix-statistics-0.1.1.jar;D:\Maven\mavenlocal\io\reactivex\rxjava\1.3.8\rxjava-1.3.8.jar;D:\Maven\mavenlocal\com\netflix\ribbon\ribbon-eureka\2.3.0\ribbon-eureka-2.3.0.jar;D:\Maven\mavenlocal\org\jolokia\jolokia-core\1.6.1\jolokia-core-1.6.1.jar;D:\Maven\mavenlocal\com\googlecode\json-simple\json-simple\1.1.1\json-simple-1.1.1.jar;D:\Maven\mavenlocal\de\codecentric\spring-boot-admin-starter-client\2.1.5\spring-boot-admin-starter-client-2.1.5.jar;D:\Maven\mavenlocal\de\codecentric\spring-boot-admin-client\2.1.5\spring-boot-admin-client-2.1.5.jar;D:\Maven\mavenlocal\mysql\mysql-connector-java\8.0.13\mysql-connector-java-8.0.13.jar;D:\Maven\mavenlocal\com\google\protobuf\protobuf-java\3.6.1\protobuf-java-3.6.1.jar;D:\Maven\mavenlocal\org\springframework\boot\spring-boot-starter-test\2.1.5.RELEASE\spring-boot-starter-test-2.1.5.RELEASE.jar;D:\Maven\mavenlocal\org\springframework\boot\spring-boot-starter\2.1.5.RELEASE\spring-boot-starter-2.1.5.RELEASE.jar;D:\Maven\mavenlocal\org\springframework\boot\spring-boot\2.1.5.RELEASE\spring-boot-2.1.5.RELEASE.jar;D:\Maven\mavenlocal\org\springframework\boot\spring-boot-starter-logging\2.1.5.RELEASE\spring-boot-starter-logging-2.1.5.RELEASE.jar;D:\Maven\mavenlocal\ch\qos\logback\logback-classic\1.2.3\logback-classic-1.2.3.jar;D:\Maven\mavenlocal\ch\qos\logback\logback-core\1.2.3\logback-core-1.2.3.jar;D:\Maven\mavenlocal\org\apache\logging\log4j\log4j-to-slf4j\2.11.2\log4j-to-slf4j-2.11.2.jar;D:\Maven\mavenlocal\org\apache\logging\log4j\log4j-api\2.11.2\log4j-api-2.11.2.jar;D:\Maven\mavenlocal\org\slf4j\jul-to-slf4j\1.7.26\jul-to-slf4j-1.7.26.jar;D:\Maven\mavenlocal\javax\annotation\javax.annotation-api\1.3.2\javax.annotation-api-1.3.2.jar;D:\Maven\mavenlocal\org\yaml\snakeyaml\1.23\snakeyaml-1.23.jar;D:\Maven\mavenlocal\org\springframework\boot\spring-boot-test\2.1.5.RELEASE\spring-boot-test-2.1.5.RELEASE.jar;D:\Maven\mavenlocal\org\springframework\boot\spring-boot-test-autoconfigure\2.1.5.RELEASE\spring-boot-test-autoconfigure-2.1.5.RELEASE.jar;D:\Maven\mavenlocal\com\jayway\jsonpath\json-path\2.4.0\json-path-2.4.0.jar;D:\Maven\mavenlocal\net\minidev\json-smart\2.3\json-smart-2.3.jar;D:\Maven\mavenlocal\net\minidev\accessors-smart\1.2\accessors-smart-1.2.jar;D:\Maven\mavenlocal\org\ow2\asm\asm\5.0.4\asm-5.0.4.jar;D:\Maven\mavenlocal\junit\junit\4.12\junit-4.12.jar;D:\Maven\mavenlocal\org\assertj\assertj-core\3.11.1\assertj-core-3.11.1.jar;D:\Maven\mavenlocal\org\mockito\mockito-core\2.23.4\mockito-core-2.23.4.jar;D:\Maven\mavenlocal\net\bytebuddy\byte-buddy\1.9.12\byte-buddy-1.9.12.jar;D:\Maven\mavenlocal\net\bytebuddy\byte-buddy-agent\1.9.12\byte-buddy-agent-1.9.12.jar;D:\Maven\mavenlocal\org\objenesis\objenesis\2.6\objenesis-2.6.jar;D:\Maven\mavenlocal\org\hamcrest\hamcrest-core\1.3\hamcrest-core-1.3.jar;D:\Maven\mavenlocal\org\hamcrest\hamcrest-library\1.3\hamcrest-library-1.3.jar;D:\Maven\mavenlocal\org\skyscreamer\jsonassert\1.5.0\jsonassert-1.5.0.jar;D:\Maven\mavenlocal\com\vaadin\external\google\android-json\0.0.20131108.vaadin1\android-json-0.0.20131108.vaadin1.jar;D:\Maven\mavenlocal\org\springframework\spring-core\5.1.7.RELEASE\spring-core-5.1.7.RELEASE.jar;D:\Maven\mavenlocal\org\springframework\spring-jcl\5.1.7.RELEASE\spring-jcl-5.1.7.RELEASE.jar;D:\Maven\mavenlocal\org\springframework\spring-test\5.1.7.RELEASE\spring-test-5.1.7.RELEASE.jar;D:\Maven\mavenlocal\org\xmlunit\xmlunit-core\2.6.2\xmlunit-core-2.6.2.jar;"/>
    <property name="java.vm.vendor" value="Oracle Corporation"/>
    <property name="sun.arch.data.model" value="64"/>
    <property name="user.variant" value=""/>
    <property name="java.vendor.url" value="http://java.oracle.com/"/>
    <property name="user.timezone" value="GMT+08:00"/>
    <property name="java.vm.specification.version" value="1.8"/>
    <property name="os.name" value="Windows 8.1"/>
    <property name="user.country" value="CN"/>
    <property name="sun.java.launcher" value="SUN_STANDARD"/>
    <property name="sun.boot.library.path" value="Z:\jdk\jdk8\jre\bin"/>
    <property name="sun.java.command" value="C:\Users\12780\AppData\Local\Temp\surefire2060485782718398433\surefirebooter8514860434757600946.jar C:\Users\12780\AppData\Local\Temp\surefire2060485782718398433 2019-05-24T15-29-26_247-jvmRun1 surefire1447073189747885524tmp surefire_07213105334244683669tmp"/>
    <property name="surefire.test.class.path" value="D:\IDeaWork\spring_cloud_hello\spring_cloud_service_admin\target\test-classes;D:\IDeaWork\spring_cloud_hello\spring_cloud_service_admin\target\classes;D:\Maven\mavenlocal\com\cn\spring_cloud_common_service\1.0.0-SNAPSHOT\spring_cloud_common_service-1.0.0-SNAPSHOT.jar;D:\Maven\mavenlocal\com\cn\spring_cloud_common\1.0.0-SNAPSHOT\spring_cloud_common-1.0.0-SNAPSHOT.jar;D:\Maven\mavenlocal\org\springframework\spring-context\5.1.7.RELEASE\spring-context-5.1.7.RELEASE.jar;D:\Maven\mavenlocal\org\springframework\spring-aop\5.1.7.RELEASE\spring-aop-5.1.7.RELEASE.jar;D:\Maven\mavenlocal\org\springframework\spring-beans\5.1.7.RELEASE\spring-beans-5.1.7.RELEASE.jar;D:\Maven\mavenlocal\org\springframework\spring-expression\5.1.7.RELEASE\spring-expression-5.1.7.RELEASE.jar;D:\Maven\mavenlocal\com\google\guava\guava\25.1-jre\guava-25.1-jre.jar;D:\Maven\mavenlocal\com\google\code\findbugs\jsr305\3.0.2\jsr305-3.0.2.jar;D:\Maven\mavenlocal\org\checkerframework\checker-qual\2.0.0\checker-qual-2.0.0.jar;D:\Maven\mavenlocal\com\google\errorprone\error_prone_annotations\2.1.3\error_prone_annotations-2.1.3.jar;D:\Maven\mavenlocal\com\google\j2objc\j2objc-annotations\1.1\j2objc-annotations-1.1.jar;D:\Maven\mavenlocal\org\codehaus\mojo\animal-sniffer-annotations\1.14\animal-sniffer-annotations-1.14.jar;D:\Maven\mavenlocal\com\fasterxml\jackson\core\jackson-databind\2.9.6\jackson-databind-2.9.6.jar;D:\Maven\mavenlocal\com\fasterxml\jackson\core\jackson-annotations\2.9.0\jackson-annotations-2.9.0.jar;D:\Maven\mavenlocal\com\fasterxml\jackson\core\jackson-core\2.9.6\jackson-core-2.9.6.jar;D:\Maven\mavenlocal\org\apache\commons\commons-pool2\2.6.2\commons-pool2-2.6.2.jar;D:\Maven\mavenlocal\org\apache\commons\commons-lang3\3.8.1\commons-lang3-3.8.1.jar;D:\Maven\mavenlocal\org\apache\httpcomponents\httpclient\4.5.8\httpclient-4.5.8.jar;D:\Maven\mavenlocal\org\apache\httpcomponents\httpcore\4.4.11\httpcore-4.4.11.jar;D:\Maven\mavenlocal\commons-codec\commons-codec\1.11\commons-codec-1.11.jar;D:\Maven\mavenlocal\org\apache\httpcomponents\httpmime\4.5.8\httpmime-4.5.8.jar;D:\Maven\mavenlocal\org\apache\httpcomponents\httpasyncclient\4.1.4\httpasyncclient-4.1.4.jar;D:\Maven\mavenlocal\org\apache\httpcomponents\httpcore-nio\4.4.11\httpcore-nio-4.4.11.jar;D:\Maven\mavenlocal\org\slf4j\jcl-over-slf4j\1.7.26\jcl-over-slf4j-1.7.26.jar;D:\Maven\mavenlocal\org\projectlombok\lombok\1.16.18\lombok-1.16.18.jar;D:\Maven\mavenlocal\com\alibaba\druid-spring-boot-starter\1.1.10\druid-spring-boot-starter-1.1.10.jar;D:\Maven\mavenlocal\com\alibaba\druid\1.1.10\druid-1.1.10.jar;D:\Maven\mavenlocal\org\slf4j\slf4j-api\1.7.26\slf4j-api-1.7.26.jar;D:\Maven\mavenlocal\org\springframework\boot\spring-boot-autoconfigure\2.1.5.RELEASE\spring-boot-autoconfigure-2.1.5.RELEASE.jar;D:\Maven\mavenlocal\tk\mybatis\mapper-spring-boot-starter\2.1.5\mapper-spring-boot-starter-2.1.5.jar;D:\Maven\mavenlocal\org\springframework\boot\spring-boot-starter-jdbc\2.1.5.RELEASE\spring-boot-starter-jdbc-2.1.5.RELEASE.jar;D:\Maven\mavenlocal\com\zaxxer\HikariCP\3.2.0\HikariCP-3.2.0.jar;D:\Maven\mavenlocal\org\springframework\spring-jdbc\5.1.7.RELEASE\spring-jdbc-5.1.7.RELEASE.jar;D:\Maven\mavenlocal\org\springframework\spring-tx\5.1.7.RELEASE\spring-tx-5.1.7.RELEASE.jar;D:\Maven\mavenlocal\org\mybatis\mybatis\3.4.6\mybatis-3.4.6.jar;D:\Maven\mavenlocal\org\mybatis\mybatis-spring\1.3.2\mybatis-spring-1.3.2.jar;D:\Maven\mavenlocal\tk\mybatis\mapper-core\1.1.5\mapper-core-1.1.5.jar;D:\Maven\mavenlocal\javax\persistence\persistence-api\1.0\persistence-api-1.0.jar;D:\Maven\mavenlocal\tk\mybatis\mapper-base\1.1.5\mapper-base-1.1.5.jar;D:\Maven\mavenlocal\tk\mybatis\mapper-weekend\1.1.5\mapper-weekend-1.1.5.jar;D:\Maven\mavenlocal\tk\mybatis\mapper-spring\1.1.5\mapper-spring-1.1.5.jar;D:\Maven\mavenlocal\tk\mybatis\mapper-extra\1.1.5\mapper-extra-1.1.5.jar;D:\Maven\mavenlocal\tk\mybatis\mapper-spring-boot-autoconfigure\2.1.5\mapper-spring-boot-autoconfigure-2.1.5.jar;D:\Maven\mavenlocal\com\github\pagehelper\pagehelper-spring-boot-starter\1.2.5\pagehelper-spring-boot-starter-1.2.5.jar;D:\Maven\mavenlocal\org\mybatis\spring\boot\mybatis-spring-boot-starter\1.3.2\mybatis-spring-boot-starter-1.3.2.jar;D:\Maven\mavenlocal\org\mybatis\spring\boot\mybatis-spring-boot-autoconfigure\1.3.2\mybatis-spring-boot-autoconfigure-1.3.2.jar;D:\Maven\mavenlocal\com\github\pagehelper\pagehelper-spring-boot-autoconfigure\1.2.5\pagehelper-spring-boot-autoconfigure-1.2.5.jar;D:\Maven\mavenlocal\com\github\pagehelper\pagehelper\5.1.4\pagehelper-5.1.4.jar;D:\Maven\mavenlocal\com\github\jsqlparser\jsqlparser\1.0\jsqlparser-1.0.jar;D:\Maven\mavenlocal\org\springframework\cloud\spring-cloud-starter-zipkin\2.1.1.RELEASE\spring-cloud-starter-zipkin-2.1.1.RELEASE.jar;D:\Maven\mavenlocal\org\springframework\cloud\spring-cloud-starter-sleuth\2.1.1.RELEASE\spring-cloud-starter-sleuth-2.1.1.RELEASE.jar;D:\Maven\mavenlocal\org\springframework\boot\spring-boot-starter-aop\2.1.5.RELEASE\spring-boot-starter-aop-2.1.5.RELEASE.jar;D:\Maven\mavenlocal\org\aspectj\aspectjweaver\1.9.4\aspectjweaver-1.9.4.jar;D:\Maven\mavenlocal\org\springframework\cloud\spring-cloud-sleuth-core\2.1.1.RELEASE\spring-cloud-sleuth-core-2.1.1.RELEASE.jar;D:\Maven\mavenlocal\org\aspectj\aspectjrt\1.9.4\aspectjrt-1.9.4.jar;D:\Maven\mavenlocal\io\zipkin\brave\brave\5.6.1\brave-5.6.1.jar;D:\Maven\mavenlocal\io\zipkin\brave\brave-context-log4j2\5.6.1\brave-context-log4j2-5.6.1.jar;D:\Maven\mavenlocal\io\zipkin\brave\brave-instrumentation-spring-web\5.6.1\brave-instrumentation-spring-web-5.6.1.jar;D:\Maven\mavenlocal\io\zipkin\brave\brave-instrumentation-http\5.6.1\brave-instrumentation-http-5.6.1.jar;D:\Maven\mavenlocal\io\zipkin\brave\brave-instrumentation-spring-rabbit\5.6.1\brave-instrumentation-spring-rabbit-5.6.1.jar;D:\Maven\mavenlocal\io\zipkin\brave\brave-instrumentation-kafka-clients\5.6.1\brave-instrumentation-kafka-clients-5.6.1.jar;D:\Maven\mavenlocal\io\zipkin\brave\brave-instrumentation-httpclient\5.6.1\brave-instrumentation-httpclient-5.6.1.jar;D:\Maven\mavenlocal\io\zipkin\brave\brave-instrumentation-httpasyncclient\5.6.1\brave-instrumentation-httpasyncclient-5.6.1.jar;D:\Maven\mavenlocal\io\zipkin\brave\brave-instrumentation-spring-webmvc\5.6.1\brave-instrumentation-spring-webmvc-5.6.1.jar;D:\Maven\mavenlocal\io\zipkin\brave\brave-instrumentation-servlet\5.6.1\brave-instrumentation-servlet-5.6.1.jar;D:\Maven\mavenlocal\io\zipkin\brave\brave-instrumentation-jms\5.6.1\brave-instrumentation-jms-5.6.1.jar;D:\Maven\mavenlocal\org\springframework\cloud\spring-cloud-sleuth-zipkin\2.1.1.RELEASE\spring-cloud-sleuth-zipkin-2.1.1.RELEASE.jar;D:\Maven\mavenlocal\org\springframework\spring-web\5.1.7.RELEASE\spring-web-5.1.7.RELEASE.jar;D:\Maven\mavenlocal\org\springframework\cloud\spring-cloud-commons\2.1.1.RELEASE\spring-cloud-commons-2.1.1.RELEASE.jar;D:\Maven\mavenlocal\org\springframework\security\spring-security-crypto\5.1.5.RELEASE\spring-security-crypto-5.1.5.RELEASE.jar;D:\Maven\mavenlocal\io\zipkin\zipkin2\zipkin\2.12.0\zipkin-2.12.0.jar;D:\Maven\mavenlocal\io\zipkin\reporter2\zipkin-reporter\2.7.14\zipkin-reporter-2.7.14.jar;D:\Maven\mavenlocal\io\zipkin\reporter2\zipkin-sender-kafka11\2.7.14\zipkin-sender-kafka11-2.7.14.jar;D:\Maven\mavenlocal\io\zipkin\reporter2\zipkin-sender-amqp-client\2.7.14\zipkin-sender-amqp-client-2.7.14.jar;D:\Maven\mavenlocal\org\springframework\cloud\spring-cloud-starter-config\2.1.1.RELEASE\spring-cloud-starter-config-2.1.1.RELEASE.jar;D:\Maven\mavenlocal\org\springframework\cloud\spring-cloud-starter\2.1.1.RELEASE\spring-cloud-starter-2.1.1.RELEASE.jar;D:\Maven\mavenlocal\org\springframework\cloud\spring-cloud-context\2.1.1.RELEASE\spring-cloud-context-2.1.1.RELEASE.jar;D:\Maven\mavenlocal\org\springframework\security\spring-security-rsa\1.0.7.RELEASE\spring-security-rsa-1.0.7.RELEASE.jar;D:\Maven\mavenlocal\org\bouncycastle\bcpkix-jdk15on\1.60\bcpkix-jdk15on-1.60.jar;D:\Maven\mavenlocal\org\bouncycastle\bcprov-jdk15on\1.60\bcprov-jdk15on-1.60.jar;D:\Maven\mavenlocal\org\springframework\cloud\spring-cloud-config-client\2.1.1.RELEASE\spring-cloud-config-client-2.1.1.RELEASE.jar;D:\Maven\mavenlocal\org\springframework\cloud\spring-cloud-starter-netflix-eureka-server\2.1.1.RELEASE\spring-cloud-starter-netflix-eureka-server-2.1.1.RELEASE.jar;D:\Maven\mavenlocal\org\springframework\cloud\spring-cloud-netflix-eureka-server\2.1.1.RELEASE\spring-cloud-netflix-eureka-server-2.1.1.RELEASE.jar;D:\Maven\mavenlocal\org\springframework\boot\spring-boot-starter-web\2.1.5.RELEASE\spring-boot-starter-web-2.1.5.RELEASE.jar;D:\Maven\mavenlocal\org\springframework\boot\spring-boot-starter-json\2.1.5.RELEASE\spring-boot-starter-json-2.1.5.RELEASE.jar;D:\Maven\mavenlocal\com\fasterxml\jackson\datatype\jackson-datatype-jdk8\2.9.6\jackson-datatype-jdk8-2.9.6.jar;D:\Maven\mavenlocal\com\fasterxml\jackson\datatype\jackson-datatype-jsr310\2.9.6\jackson-datatype-jsr310-2.9.6.jar;D:\Maven\mavenlocal\com\fasterxml\jackson\module\jackson-module-parameter-names\2.9.6\jackson-module-parameter-names-2.9.6.jar;D:\Maven\mavenlocal\org\springframework\boot\spring-boot-starter-tomcat\2.1.5.RELEASE\spring-boot-starter-tomcat-2.1.5.RELEASE.jar;D:\Maven\mavenlocal\org\apache\tomcat\embed\tomcat-embed-core\9.0.19\tomcat-embed-core-9.0.19.jar;D:\Maven\mavenlocal\org\apache\tomcat\embed\tomcat-embed-el\9.0.19\tomcat-embed-el-9.0.19.jar;D:\Maven\mavenlocal\org\apache\tomcat\embed\tomcat-embed-websocket\9.0.19\tomcat-embed-websocket-9.0.19.jar;D:\Maven\mavenlocal\org\hibernate\validator\hibernate-validator\6.0.16.Final\hibernate-validator-6.0.16.Final.jar;D:\Maven\mavenlocal\javax\validation\validation-api\2.0.1.Final\validation-api-2.0.1.Final.jar;D:\Maven\mavenlocal\org\jboss\logging\jboss-logging\3.3.2.Final\jboss-logging-3.3.2.Final.jar;D:\Maven\mavenlocal\com\fasterxml\classmate\1.4.0\classmate-1.4.0.jar;D:\Maven\mavenlocal\org\springframework\spring-webmvc\5.1.7.RELEASE\spring-webmvc-5.1.7.RELEASE.jar;D:\Maven\mavenlocal\org\springframework\boot\spring-boot-starter-actuator\2.1.5.RELEASE\spring-boot-starter-actuator-2.1.5.RELEASE.jar;D:\Maven\mavenlocal\org\springframework\boot\spring-boot-actuator-autoconfigure\2.1.5.RELEASE\spring-boot-actuator-autoconfigure-2.1.5.RELEASE.jar;D:\Maven\mavenlocal\org\springframework\boot\spring-boot-actuator\2.1.5.RELEASE\spring-boot-actuator-2.1.5.RELEASE.jar;D:\Maven\mavenlocal\io\micrometer\micrometer-core\1.1.4\micrometer-core-1.1.4.jar;D:\Maven\mavenlocal\org\hdrhistogram\HdrHistogram\2.1.9\HdrHistogram-2.1.9.jar;D:\Maven\mavenlocal\org\latencyutils\LatencyUtils\2.0.3\LatencyUtils-2.0.3.jar;D:\Maven\mavenlocal\org\springframework\boot\spring-boot-starter-freemarker\2.1.5.RELEASE\spring-boot-starter-freemarker-2.1.5.RELEASE.jar;D:\Maven\mavenlocal\org\freemarker\freemarker\2.3.28\freemarker-2.3.28.jar;D:\Maven\mavenlocal\org\springframework\spring-context-support\5.1.7.RELEASE\spring-context-support-5.1.7.RELEASE.jar;D:\Maven\mavenlocal\org\springframework\cloud\spring-cloud-netflix-hystrix\2.1.1.RELEASE\spring-cloud-netflix-hystrix-2.1.1.RELEASE.jar;D:\Maven\mavenlocal\org\springframework\cloud\spring-cloud-netflix-eureka-client\2.1.1.RELEASE\spring-cloud-netflix-eureka-client-2.1.1.RELEASE.jar;D:\Maven\mavenlocal\com\netflix\eureka\eureka-client\1.9.8\eureka-client-1.9.8.jar;D:\Maven\mavenlocal\org\codehaus\jettison\jettison\1.3.7\jettison-1.3.7.jar;D:\Maven\mavenlocal\stax\stax-api\1.0.1\stax-api-1.0.1.jar;D:\Maven\mavenlocal\com\netflix\netflix-commons\netflix-eventbus\0.3.0\netflix-eventbus-0.3.0.jar;D:\Maven\mavenlocal\com\netflix\netflix-commons\netflix-infix\0.3.0\netflix-infix-0.3.0.jar;D:\Maven\mavenlocal\commons-jxpath\commons-jxpath\1.3\commons-jxpath-1.3.jar;D:\Maven\mavenlocal\joda-time\joda-time\2.10.2\joda-time-2.10.2.jar;D:\Maven\mavenlocal\org\antlr\antlr-runtime\3.4\antlr-runtime-3.4.jar;D:\Maven\mavenlocal\org\antlr\stringtemplate\3.2.1\stringtemplate-3.2.1.jar;D:\Maven\mavenlocal\antlr\antlr\2.7.7\antlr-2.7.7.jar;D:\Maven\mavenlocal\com\google\code\gson\gson\2.8.5\gson-2.8.5.jar;D:\Maven\mavenlocal\org\apache\commons\commons-math\2.2\commons-math-2.2.jar;D:\Maven\mavenlocal\javax\ws\rs\jsr311-api\1.1.1\jsr311-api-1.1.1.jar;D:\Maven\mavenlocal\com\netflix\servo\servo-core\0.12.21\servo-core-0.12.21.jar;D:\Maven\mavenlocal\com\sun\jersey\jersey-core\1.19.1\jersey-core-1.19.1.jar;D:\Maven\mavenlocal\com\sun\jersey\jersey-client\1.19.1\jersey-client-1.19.1.jar;D:\Maven\mavenlocal\com\sun\jersey\contribs\jersey-apache-client4\1.19.1\jersey-apache-client4-1.19.1.jar;D:\Maven\mavenlocal\com\google\inject\guice\4.1.0\guice-4.1.0.jar;D:\Maven\mavenlocal\aopalliance\aopalliance\1.0\aopalliance-1.0.jar;D:\Maven\mavenlocal\com\github\vlsi\compactmap\compactmap\1.2.1\compactmap-1.2.1.jar;D:\Maven\mavenlocal\com\github\andrewoma\dexx\dexx-collections\0.2\dexx-collections-0.2.jar;D:\Maven\mavenlocal\com\sun\jersey\jersey-servlet\1.19.1\jersey-servlet-1.19.1.jar;D:\Maven\mavenlocal\com\sun\jersey\jersey-server\1.19.1\jersey-server-1.19.1.jar;D:\Maven\mavenlocal\com\netflix\eureka\eureka-core\1.9.8\eureka-core-1.9.8.jar;D:\Maven\mavenlocal\org\codehaus\woodstox\woodstox-core-asl\4.4.1\woodstox-core-asl-4.4.1.jar;D:\Maven\mavenlocal\javax\xml\stream\stax-api\1.0-2\stax-api-1.0-2.jar;D:\Maven\mavenlocal\com\netflix\archaius\archaius-core\0.7.6\archaius-core-0.7.6.jar;D:\Maven\mavenlocal\javax\inject\javax.inject\1\javax.inject-1.jar;D:\Maven\mavenlocal\com\fasterxml\jackson\dataformat\jackson-dataformat-xml\2.9.6\jackson-dataformat-xml-2.9.6.jar;D:\Maven\mavenlocal\com\fasterxml\jackson\module\jackson-module-jaxb-annotations\2.9.6\jackson-module-jaxb-annotations-2.9.6.jar;D:\Maven\mavenlocal\org\codehaus\woodstox\stax2-api\3.1.4\stax2-api-3.1.4.jar;D:\Maven\mavenlocal\com\fasterxml\woodstox\woodstox-core\5.0.3\woodstox-core-5.0.3.jar;D:\Maven\mavenlocal\com\thoughtworks\xstream\xstream\1.4.10\xstream-1.4.10.jar;D:\Maven\mavenlocal\xmlpull\xmlpull\1.1.3.1\xmlpull-1.1.3.1.jar;D:\Maven\mavenlocal\xpp3\xpp3_min\1.1.4c\xpp3_min-1.1.4c.jar;D:\Maven\mavenlocal\org\springframework\cloud\spring-cloud-starter-netflix-archaius\2.1.1.RELEASE\spring-cloud-starter-netflix-archaius-2.1.1.RELEASE.jar;D:\Maven\mavenlocal\org\springframework\cloud\spring-cloud-netflix-ribbon\2.1.1.RELEASE\spring-cloud-netflix-ribbon-2.1.1.RELEASE.jar;D:\Maven\mavenlocal\org\springframework\cloud\spring-cloud-netflix-archaius\2.1.1.RELEASE\spring-cloud-netflix-archaius-2.1.1.RELEASE.jar;D:\Maven\mavenlocal\commons-configuration\commons-configuration\1.8\commons-configuration-1.8.jar;D:\Maven\mavenlocal\commons-lang\commons-lang\2.6\commons-lang-2.6.jar;D:\Maven\mavenlocal\org\springframework\cloud\spring-cloud-starter-netflix-ribbon\2.1.1.RELEASE\spring-cloud-starter-netflix-ribbon-2.1.1.RELEASE.jar;D:\Maven\mavenlocal\com\netflix\ribbon\ribbon\2.3.0\ribbon-2.3.0.jar;D:\Maven\mavenlocal\com\netflix\ribbon\ribbon-transport\2.3.0\ribbon-transport-2.3.0.jar;D:\Maven\mavenlocal\io\reactivex\rxnetty-contexts\0.4.9\rxnetty-contexts-0.4.9.jar;D:\Maven\mavenlocal\io\reactivex\rxnetty-servo\0.4.9\rxnetty-servo-0.4.9.jar;D:\Maven\mavenlocal\com\netflix\hystrix\hystrix-core\1.5.18\hystrix-core-1.5.18.jar;D:\Maven\mavenlocal\io\reactivex\rxnetty\0.4.9\rxnetty-0.4.9.jar;D:\Maven\mavenlocal\com\netflix\ribbon\ribbon-core\2.3.0\ribbon-core-2.3.0.jar;D:\Maven\mavenlocal\com\netflix\ribbon\ribbon-httpclient\2.3.0\ribbon-httpclient-2.3.0.jar;D:\Maven\mavenlocal\commons-collections\commons-collections\3.2.2\commons-collections-3.2.2.jar;D:\Maven\mavenlocal\com\netflix\netflix-commons\netflix-commons-util\0.3.0\netflix-commons-util-0.3.0.jar;D:\Maven\mavenlocal\com\netflix\ribbon\ribbon-loadbalancer\2.3.0\ribbon-loadbalancer-2.3.0.jar;D:\Maven\mavenlocal\com\netflix\netflix-commons\netflix-statistics\0.1.1\netflix-statistics-0.1.1.jar;D:\Maven\mavenlocal\io\reactivex\rxjava\1.3.8\rxjava-1.3.8.jar;D:\Maven\mavenlocal\com\netflix\ribbon\ribbon-eureka\2.3.0\ribbon-eureka-2.3.0.jar;D:\Maven\mavenlocal\org\jolokia\jolokia-core\1.6.1\jolokia-core-1.6.1.jar;D:\Maven\mavenlocal\com\googlecode\json-simple\json-simple\1.1.1\json-simple-1.1.1.jar;D:\Maven\mavenlocal\de\codecentric\spring-boot-admin-starter-client\2.1.5\spring-boot-admin-starter-client-2.1.5.jar;D:\Maven\mavenlocal\de\codecentric\spring-boot-admin-client\2.1.5\spring-boot-admin-client-2.1.5.jar;D:\Maven\mavenlocal\mysql\mysql-connector-java\8.0.13\mysql-connector-java-8.0.13.jar;D:\Maven\mavenlocal\com\google\protobuf\protobuf-java\3.6.1\protobuf-java-3.6.1.jar;D:\Maven\mavenlocal\org\springframework\boot\spring-boot-starter-test\2.1.5.RELEASE\spring-boot-starter-test-2.1.5.RELEASE.jar;D:\Maven\mavenlocal\org\springframework\boot\spring-boot-starter\2.1.5.RELEASE\spring-boot-starter-2.1.5.RELEASE.jar;D:\Maven\mavenlocal\org\springframework\boot\spring-boot\2.1.5.RELEASE\spring-boot-2.1.5.RELEASE.jar;D:\Maven\mavenlocal\org\springframework\boot\spring-boot-starter-logging\2.1.5.RELEASE\spring-boot-starter-logging-2.1.5.RELEASE.jar;D:\Maven\mavenlocal\ch\qos\logback\logback-classic\1.2.3\logback-classic-1.2.3.jar;D:\Maven\mavenlocal\ch\qos\logback\logback-core\1.2.3\logback-core-1.2.3.jar;D:\Maven\mavenlocal\org\apache\logging\log4j\log4j-to-slf4j\2.11.2\log4j-to-slf4j-2.11.2.jar;D:\Maven\mavenlocal\org\apache\logging\log4j\log4j-api\2.11.2\log4j-api-2.11.2.jar;D:\Maven\mavenlocal\org\slf4j\jul-to-slf4j\1.7.26\jul-to-slf4j-1.7.26.jar;D:\Maven\mavenlocal\javax\annotation\javax.annotation-api\1.3.2\javax.annotation-api-1.3.2.jar;D:\Maven\mavenlocal\org\yaml\snakeyaml\1.23\snakeyaml-1.23.jar;D:\Maven\mavenlocal\org\springframework\boot\spring-boot-test\2.1.5.RELEASE\spring-boot-test-2.1.5.RELEASE.jar;D:\Maven\mavenlocal\org\springframework\boot\spring-boot-test-autoconfigure\2.1.5.RELEASE\spring-boot-test-autoconfigure-2.1.5.RELEASE.jar;D:\Maven\mavenlocal\com\jayway\jsonpath\json-path\2.4.0\json-path-2.4.0.jar;D:\Maven\mavenlocal\net\minidev\json-smart\2.3\json-smart-2.3.jar;D:\Maven\mavenlocal\net\minidev\accessors-smart\1.2\accessors-smart-1.2.jar;D:\Maven\mavenlocal\org\ow2\asm\asm\5.0.4\asm-5.0.4.jar;D:\Maven\mavenlocal\junit\junit\4.12\junit-4.12.jar;D:\Maven\mavenlocal\org\assertj\assertj-core\3.11.1\assertj-core-3.11.1.jar;D:\Maven\mavenlocal\org\mockito\mockito-core\2.23.4\mockito-core-2.23.4.jar;D:\Maven\mavenlocal\net\bytebuddy\byte-buddy\1.9.12\byte-buddy-1.9.12.jar;D:\Maven\mavenlocal\net\bytebuddy\byte-buddy-agent\1.9.12\byte-buddy-agent-1.9.12.jar;D:\Maven\mavenlocal\org\objenesis\objenesis\2.6\objenesis-2.6.jar;D:\Maven\mavenlocal\org\hamcrest\hamcrest-core\1.3\hamcrest-core-1.3.jar;D:\Maven\mavenlocal\org\hamcrest\hamcrest-library\1.3\hamcrest-library-1.3.jar;D:\Maven\mavenlocal\org\skyscreamer\jsonassert\1.5.0\jsonassert-1.5.0.jar;D:\Maven\mavenlocal\com\vaadin\external\google\android-json\0.0.20131108.vaadin1\android-json-0.0.20131108.vaadin1.jar;D:\Maven\mavenlocal\org\springframework\spring-core\5.1.7.RELEASE\spring-core-5.1.7.RELEASE.jar;D:\Maven\mavenlocal\org\springframework\spring-jcl\5.1.7.RELEASE\spring-jcl-5.1.7.RELEASE.jar;D:\Maven\mavenlocal\org\springframework\spring-test\5.1.7.RELEASE\spring-test-5.1.7.RELEASE.jar;D:\Maven\mavenlocal\org\xmlunit\xmlunit-core\2.6.2\xmlunit-core-2.6.2.jar;"/>
    <property name="sun.cpu.endian" value="little"/>
    <property name="user.home" value="C:\Users\12780"/>
    <property name="user.language" value="zh"/>
    <property name="java.specification.vendor" value="Oracle Corporation"/>
    <property name="java.home" value="Z:\jdk\jdk8\jre"/>
    <property name="basedir" value="D:\IDeaWork\spring_cloud_hello\spring_cloud_service_admin"/>
    <property name="file.separator" value="\"/>
    <property name="line.separator" value="&#10;"/>
    <property name="java.vm.specification.vendor" value="Oracle Corporation"/>
    <property name="java.specification.name" value="Java Platform API Specification"/>
    <property name="java.awt.graphicsenv" value="sun.awt.Win32GraphicsEnvironment"/>
    <property name="surefire.real.class.path" value="C:\Users\12780\AppData\Local\Temp\surefire2060485782718398433\surefirebooter8514860434757600946.jar"/>
    <property name="sun.boot.class.path" value="Z:\jdk\jdk8\jre\lib\resources.jar;Z:\jdk\jdk8\jre\lib\rt.jar;Z:\jdk\jdk8\jre\lib\sunrsasign.jar;Z:\jdk\jdk8\jre\lib\jsse.jar;Z:\jdk\jdk8\jre\lib\jce.jar;Z:\jdk\jdk8\jre\lib\charsets.jar;Z:\jdk\jdk8\jre\lib\jfr.jar;Z:\jdk\jdk8\jre\classes"/>
    <property name="user.script" value=""/>
    <property name="sun.management.compiler" value="HotSpot 64-Bit Tiered Compilers"/>
    <property name="java.runtime.version" value="1.8.0_40-b25"/>
    <property name="user.name" value="12780"/>
    <property name="path.separator" value=";"/>
    <property name="os.version" value="6.3"/>
    <property name="java.endorsed.dirs" value="Z:\jdk\jdk8\jre\lib\endorsed"/>
    <property name="java.runtime.name" value="Java(TM) SE Runtime Environment"/>
    <property name="file.encoding" value="GBK"/>
    <property name="java.vm.name" value="Java HotSpot(TM) 64-Bit Server VM"/>
    <property name="localRepository" value="D:\Maven\mavenlocal"/>
    <property name="java.vendor.url.bug" value="http://bugreport.sun.com/bugreport/"/>
    <property name="java.io.tmpdir" value="C:\Users\12780\AppData\Local\Temp\"/>
    <property name="java.version" value="1.8.0_40"/>
    <property name="user.dir" value="D:\IDeaWork\spring_cloud_hello\spring_cloud_service_admin"/>
    <property name="os.arch" value="amd64"/>
    <property name="java.vm.specification.name" value="Java Virtual Machine Specification"/>
    <property name="java.awt.printerjob" value="sun.awt.windows.WPrinterJob"/>
    <property name="idea.version2019.1.2" value="true"/>
    <property name="sun.os.patch.level" value=""/>
    <property name="java.library.path" value="Z:\jdk\jdk8\jre\bin;C:\WINDOWS\Sun\Java\bin;C:\WINDOWS\system32;C:\WINDOWS;D:\Xshell\NetSarang\Xlpd 6\;D:\xftp\xftp6\;D:\Xshell\NetSarang\Xmanager 6\;D:\Xshell\NetSarang\6\Xshell\;D:\oracle\product\11.2.0\dbhome_1\bin;C:\Program Files (x86)\Common Files\Intel\Shared Libraries\redist\intel64\compiler;C:\Program Files (x86)\Intel\iCLS Client\;C:\Program Files\Intel\iCLS Client\;C:\Windows\system32;C:\Windows;C:\Windows\System32\Wbem;C:\Windows\System32\WindowsPowerShell\v1.0\;D:\Maven\apache-maven-3.5.2\bin;C:\WINDOWS\System32\WindowsPowerShell\v1.0\;C:\WINDOWS\System32\Wbem;C:\WINDOWS;C:\WINDOWS\system32;C:\Program Files\Common Files\Intel\WirelessCommon\;C:\Program Files\Intel\WiFi\bin\;C:\Program Files\Intel\Intel(R) Management Engine Components\IPT;C:\Program Files (x86)\Intel\Intel(R) Management Engine Components\IPT;C:\Program Files\Intel\Intel(R) Management Engine Components\DAL;C:\Program Files (x86)\Intel\Intel(R) Management Engine Components\DAL;C:\WINDOWS\System32\OpenSSH\;C:\Program Files (x86)\NVIDIA Corporation\PhysX\Common;D:\Git\cmd;Z:\TortoiseSVN\bin;Z:\jdk\jdk9\bin;;C:\Program Files\NVIDIA Corporation\NVIDIA NvDLISR;Z:\TortoiseGit\bin;C:\Users\12780\AppData\Local\Microsoft\WindowsApps;."/>
    <property name="java.vm.info" value="mixed mode"/>
    <property name="java.vendor" value="Oracle Corporation"/>
    <property name="java.vm.version" value="25.40-b25"/>
    <property name="java.ext.dirs" value="Z:\jdk\jdk8\jre\lib\ext;C:\WINDOWS\Sun\Java\lib\ext"/>
    <property name="sun.io.unicode.encoding" value="UnicodeLittle"/>
    <property name="java.class.version" value="52.0"/>
  </properties>
  <testcase name="register" classname="com.cn.cloud.service.admin.test.service.AdminServiceTest" time="1.853"/>
  <testcase name="login" classname="com.cn.cloud.service.admin.test.service.AdminServiceTest" time="0.317"/>
</testsuite>